 
****************************************
Report : Scan path
Design : core
Version: R-2020.09-SP5
Date   : Wed Dec  4 15:42:23 2024
****************************************

========================================
TEST MODE: Internal_scan
VIEW     : Existing DFT
========================================

========================================
AS SPECIFIED BY USER
========================================


========================================
AS BUILT BY insert_dft
========================================

Scan_path    Len   ScanDataIn  ScanDataOut ScanEnable  MasterClock SlaveClock
-----------  ----- ----------- ----------- ----------- ----------- -----------
I 1          342   SI0         SO0         ScanEnable  CLK         -
I 2          341   SI1         SO1         ScanEnable  CLK         -
I 3          341   SI2         SO2         ScanEnable  CLK         -

1
